This is pdfTeX, Version 3.141592653-2.6-1.40.22 (MiKTeX 21.3) (preloaded format=pdflatex 2021.5.1)  15 MAY 2021 19:57
entering extended mode
**./latex.tex
(latex.tex
LaTeX2e <2020-10-01> patch level 4
L3 programming layer <2021-02-18>
(C:\Users\tanma\AppData\Local\Programs\MiKTeX\tex/latex/base\report.cls
Document Class: report 2020/04/10 v1.4m Standard LaTeX document class
(C:\Users\tanma\AppData\Local\Programs\MiKTeX\tex/latex/base\size11.clo
File: size11.clo 2020/04/10 v1.4m Standard LaTeX file (size option)
)
\c@part=\count179
\c@chapter=\count180
\c@section=\count181
\c@subsection=\count182
\c@subsubsection=\count183
\c@paragraph=\count184
\c@subparagraph=\count185
\c@figure=\count186
\c@table=\count187
\abovecaptionskip=\skip47
\belowcaptionskip=\skip48
\bibindent=\dimen138
)
(C:\Users\tanma\AppData\Local\Programs\MiKTeX\tex/latex/graphics\graphics.sty
Package: graphics 2020/08/30 v1.4c Standard LaTeX Graphics (DPC,SPQR)

(C:\Users\tanma\AppData\Local\Programs\MiKTeX\tex/latex/graphics\trig.sty
Package: trig 2016/01/03 v1.10 sin cos tan (DPC)
)
(C:\Users\tanma\AppData\Local\Programs\MiKTeX\tex/latex/graphics-cfg\graphics.c
fg
File: graphics.cfg 2016/06/04 v1.11 sample graphics configuration
)
Package graphics Info: Driver file: pdftex.def on input line 105.

(C:\Users\tanma\AppData\Local\Programs\MiKTeX\tex/latex/graphics-def\pdftex.def
File: pdftex.def 2020/10/05 v1.2a Graphics/color driver for pdftex
)) (C:\Users\tanma\AppData\Local\Programs\MiKTeX\tex/latex/graphics\color.sty
Package: color 2020/02/24 v1.2b Standard LaTeX Color (DPC)

(C:\Users\tanma\AppData\Local\Programs\MiKTeX\tex/latex/graphics-cfg\color.cfg
File: color.cfg 2016/01/02 v1.6 sample color configuration
)
Package color Info: Driver file: pdftex.def on input line 147.
) (C:\Users\tanma\AppData\Local\Programs\MiKTeX\tex/latex/latex-tools\array.sty
Package: array 2020/10/01 v2.5c Tabular extension package (FMi)
\col@sep=\dimen139
\ar@mcellbox=\box47
\extrarowheight=\dimen140
\NC@list=\toks15
\extratabsurround=\skip49
\backup@length=\skip50
\ar@cellbox=\box48
) (C:\Users\tanma\AppData\Local\Programs\MiKTeX\tex/latex/multirow\multirow.sty
Package: multirow 2021/03/15 v2.8 Span multiple rows of a table
\multirow@colwidth=\skip51
\multirow@cntb=\count188
\multirow@dima=\skip52
\bigstrutjot=\dimen141
) (C:\Users\tanma\AppData\Local\Programs\MiKTeX\tex/latex/amsmath\amsmath.sty
Package: amsmath 2020/09/23 v2.17i AMS math features
\@mathmargin=\skip53

For additional information on amsmath, use the `?' option.
(C:\Users\tanma\AppData\Local\Programs\MiKTeX\tex/latex/amsmath\amstext.sty
Package: amstext 2000/06/29 v2.01 AMS text

(C:\Users\tanma\AppData\Local\Programs\MiKTeX\tex/latex/amsmath\amsgen.sty
File: amsgen.sty 1999/11/30 v2.0 generic functions
\@emptytoks=\toks16
\ex@=\dimen142
))
(C:\Users\tanma\AppData\Local\Programs\MiKTeX\tex/latex/amsmath\amsbsy.sty
Package: amsbsy 1999/11/29 v1.2d Bold Symbols
\pmbraise@=\dimen143
)
(C:\Users\tanma\AppData\Local\Programs\MiKTeX\tex/latex/amsmath\amsopn.sty
Package: amsopn 2016/03/08 v2.02 operator names
)
\inf@bad=\count189
LaTeX Info: Redefining \frac on input line 234.
\uproot@=\count190
\leftroot@=\count191
LaTeX Info: Redefining \overline on input line 399.
\classnum@=\count192
\DOTSCASE@=\count193
LaTeX Info: Redefining \ldots on input line 496.
LaTeX Info: Redefining \dots on input line 499.
LaTeX Info: Redefining \cdots on input line 620.
\Mathstrutbox@=\box49
\strutbox@=\box50
\big@size=\dimen144
LaTeX Font Info:    Redeclaring font encoding OML on input line 743.
LaTeX Font Info:    Redeclaring font encoding OMS on input line 744.
\macc@depth=\count194
\c@MaxMatrixCols=\count195
\dotsspace@=\muskip16
\c@parentequation=\count196
\dspbrk@lvl=\count197
\tag@help=\toks17
\row@=\count198
\column@=\count199
\maxfields@=\count266
\andhelp@=\toks18
\eqnshift@=\dimen145
\alignsep@=\dimen146
\tagshift@=\dimen147
\tagwidth@=\dimen148
\totwidth@=\dimen149
\lineht@=\dimen150
\@envbody=\toks19
\multlinegap=\skip54
\multlinetaggap=\skip55
\mathdisplay@stack=\toks20
LaTeX Info: Redefining \[ on input line 2923.
LaTeX Info: Redefining \] on input line 2924.
)
(C:\Users\tanma\AppData\Local\Programs\MiKTeX\tex/latex/amsfonts\amsfonts.sty
Package: amsfonts 2013/01/14 v3.01 Basic AMSFonts support
\symAMSa=\mathgroup4
\symAMSb=\mathgroup5
LaTeX Font Info:    Redeclaring math symbol \hbar on input line 98.
LaTeX Font Info:    Overwriting math alphabet `\mathfrak' in version `bold'
(Font)                  U/euf/m/n --> U/euf/b/n on input line 106.
)
(C:\Users\tanma\AppData\Local\Programs\MiKTeX\tex/latex/amsfonts\amssymb.sty
Package: amssymb 2013/01/14 v3.01 AMS font symbols
)
(C:\Users\tanma\AppData\Local\Programs\MiKTeX\tex/latex/graphics\graphicx.sty
Package: graphicx 2020/09/09 v1.2b Enhanced LaTeX Graphics (DPC,SPQR)

(C:\Users\tanma\AppData\Local\Programs\MiKTeX\tex/latex/graphics\keyval.sty
Package: keyval 2014/10/28 v1.15 key=value parser (DPC)
\KV@toks@=\toks21
)
\Gin@req@height=\dimen151
\Gin@req@width=\dimen152
)
(C:\Users\tanma\AppData\Local\Programs\MiKTeX\tex/latex/subfig\subfig.sty
Package: subfig 2005/06/28 ver: 1.3 subfig package

(C:\Users\tanma\AppData\Local\Programs\MiKTeX\tex/latex/caption\caption.sty
Package: caption 2020/10/26 v3.5g Customizing captions (AR)

(C:\Users\tanma\AppData\Local\Programs\MiKTeX\tex/latex/caption\caption3.sty
Package: caption3 2020/10/21 v2.2e caption3 kernel (AR)
\captionmargin=\dimen153
\captionmargin@=\dimen154
\captionwidth=\dimen155
\caption@tempdima=\dimen156
\caption@indent=\dimen157
\caption@parindent=\dimen158
\caption@hangindent=\dimen159
Package caption Info: Standard document class detected.
)
\c@caption@flags=\count267
\c@continuedfloat=\count268
)
\c@KVtest=\count269
\sf@farskip=\skip56
\sf@captopadj=\dimen160
\sf@capskip=\skip57
\sf@nearskip=\skip58
\c@subfigure=\count270
\c@subfigure@save=\count271
\c@lofdepth=\count272
\c@subtable=\count273
\c@subtable@save=\count274
\c@lotdepth=\count275
\sf@top=\skip59
\sf@bottom=\skip60
) (C:\Users\tanma\AppData\Local\Programs\MiKTeX\tex/latex/psnfss\pifont.sty
Package: pifont 2020/03/25 PSNFSS-v9.3 Pi font support (SPQR) 
LaTeX Font Info:    Trying to load font information for U+pzd on input line 63.


(C:\Users\tanma\AppData\Local\Programs\MiKTeX\tex/latex/psnfss\upzd.fd
File: upzd.fd 2001/06/04 font definitions for U/pzd.
)
LaTeX Font Info:    Trying to load font information for U+psy on input line 64.


(C:\Users\tanma\AppData\Local\Programs\MiKTeX\tex/latex/psnfss\upsy.fd
File: upsy.fd 2001/06/04 font definitions for U/psy.
))
(C:\Users\tanma\AppData\Local\Programs\MiKTeX\tex/latex/latex-tools\longtable.s
ty
Package: longtable 2020/01/07 v4.13 Multi-page Table package (DPC)
\LTleft=\skip61
\LTright=\skip62
\LTpre=\skip63
\LTpost=\skip64
\LTchunksize=\count276
\LTcapwidth=\dimen161
\LT@head=\box51
\LT@firsthead=\box52
\LT@foot=\box53
\LT@lastfoot=\box54
\LT@cols=\count277
\LT@rows=\count278
\c@LT@tables=\count279
\c@LT@chunks=\count280
\LT@p@ftn=\toks22
)
(C:\Users\tanma\AppData\Local\Programs\MiKTeX\tex/latex/latex-tools\enumerate.s
ty
Package: enumerate 2015/07/23 v3.00 enumerate extensions (DPC)
\@enLab=\toks23
)
(C:\Users\tanma\AppData\Local\Programs\MiKTeX\tex/latex/enumitem\enumitem.sty
Package: enumitem 2019/06/20 v3.9 Customized lists
\labelindent=\skip65
\enit@outerparindent=\dimen162
\enit@toks=\toks24
\enit@inbox=\box55
\enit@count@id=\count281
\enitdp@description=\count282
)
(C:\Users\tanma\AppData\Local\Programs\MiKTeX\tex/generic/babel\babel.sty
Package: babel 2021/04/26 3.58 The Babel package

(C:\Users\tanma\AppData\Local\Programs\MiKTeX\tex/generic/babel\babel.def
File: babel.def 2021/04/26 3.58 Babel common definitions
\babel@savecnt=\count283
\U@D=\dimen163
\l@unhyphenated=\language79

(C:\Users\tanma\AppData\Local\Programs\MiKTeX\tex/generic/babel\txtbabel.def)
\bbl@readstream=\read2
)
\bbl@dirlevel=\count284

*************************************
* Local config file bblopts.cfg used
*
(C:\Users\tanma\AppData\Local\Programs\MiKTeX\tex/latex/arabi\bblopts.cfg
File: bblopts.cfg 2005/09/08 v0.1 add Arabic and Farsi to "declared" options of
 babel
)
(C:\Users\tanma\AppData\Local\Programs\MiKTeX\tex/latex/babel-english\english.l
df
Language: english 2017/06/06 v3.3r English support from the babel system
Package babel Info: Hyphen rules for 'canadian' set to \l@english
(babel)             (\language0). Reported on input line 102.
Package babel Info: Hyphen rules for 'australian' set to \l@ukenglish
(babel)             (\language73). Reported on input line 105.
Package babel Info: Hyphen rules for 'newzealand' set to \l@ukenglish
(babel)             (\language73). Reported on input line 108.
))
(C:\Users\tanma\AppData\Local\Programs\MiKTeX\tex/latex/appendix\appendix.sty
Package: appendix 2020/02/08 v1.2c extra appendix facilities
\c@@pps=\count285
\c@@ppsavesec=\count286
\c@@ppsaveapp=\count287
)
(C:\Users\tanma\AppData\Local\Programs\MiKTeX\tex/latex/l3backend\l3backend-pdf
tex.def
File: l3backend-pdftex.def 2021-03-18 L3 backend support: PDF output (pdfTeX)
\l__color_backend_stack_int=\count288
\l__pdf_internal_box=\box56
)

LaTeX Warning: Unused global option(s):
    [onesided].

(latex.aux)
\openout1 = `latex.aux'.

LaTeX Font Info:    Checking defaults for OML/cmm/m/it on input line 34.
LaTeX Font Info:    ... okay on input line 34.
LaTeX Font Info:    Checking defaults for OMS/cmsy/m/n on input line 34.
LaTeX Font Info:    ... okay on input line 34.
LaTeX Font Info:    Checking defaults for OT1/cmr/m/n on input line 34.
LaTeX Font Info:    ... okay on input line 34.
LaTeX Font Info:    Checking defaults for T1/cmr/m/n on input line 34.
LaTeX Font Info:    ... okay on input line 34.
LaTeX Font Info:    Checking defaults for TS1/cmr/m/n on input line 34.
LaTeX Font Info:    ... okay on input line 34.
LaTeX Font Info:    Checking defaults for OMX/cmex/m/n on input line 34.
LaTeX Font Info:    ... okay on input line 34.
LaTeX Font Info:    Checking defaults for U/cmr/m/n on input line 34.
LaTeX Font Info:    ... okay on input line 34.

(C:\Users\tanma\AppData\Local\Programs\MiKTeX\tex/context/base/mkii\supp-pdf.mk
ii
[Loading MPS to PDF converter (version 2006.09.02).]
\scratchcounter=\count289
\scratchdimen=\dimen164
\scratchbox=\box57
\nofMPsegments=\count290
\nofMParguments=\count291
\everyMPshowfont=\toks25
\MPscratchCnt=\count292
\MPscratchDim=\dimen165
\MPnumerator=\count293
\makeMPintoPDFobject=\count294
\everyMPtoPDFconversion=\toks26
)
(C:\Users\tanma\AppData\Local\Programs\MiKTeX\tex/latex/epstopdf-pkg\epstopdf-b
ase.sty
Package: epstopdf-base 2020-01-24 v2.11 Base part for package epstopdf

(C:\Users\tanma\AppData\Local\Programs\MiKTeX\tex/generic/infwarerr\infwarerr.s
ty
Package: infwarerr 2019/12/03 v1.5 Providing info/warning/error messages (HO)
) (C:\Users\tanma\AppData\Local\Programs\MiKTeX\tex/latex/grfext\grfext.sty
Package: grfext 2019/12/03 v1.3 Manage graphics extensions (HO)

(C:\Users\tanma\AppData\Local\Programs\MiKTeX\tex/generic/kvdefinekeys\kvdefine
keys.sty
Package: kvdefinekeys 2019-12-19 v1.6 Define keys (HO)
))
(C:\Users\tanma\AppData\Local\Programs\MiKTeX\tex/latex/kvoptions\kvoptions.sty
Package: kvoptions 2020-10-07 v3.14 Key value format for package options (HO)
(C:\Users\tanma\AppData\Local\Programs\MiKTeX\tex/generic/ltxcmds\ltxcmds.sty
Package: ltxcmds 2020-05-10 v1.25 LaTeX kernel commands for general use (HO)
)
(C:\Users\tanma\AppData\Local\Programs\MiKTeX\tex/generic/kvsetkeys\kvsetkeys.s
ty
Package: kvsetkeys 2019/12/15 v1.18 Key value parser (HO)
))
(C:\Users\tanma\AppData\Local\Programs\MiKTeX\tex/generic/pdftexcmds\pdftexcmds
.sty
Package: pdftexcmds 2020-06-27 v0.33 Utility functions of pdfTeX for LuaTeX (HO
)
 (C:\Users\tanma\AppData\Local\Programs\MiKTeX\tex/generic/iftex\iftex.sty
Package: iftex 2020/03/06 v1.0d TeX engine tests
)
Package pdftexcmds Info: \pdf@primitive is available.
Package pdftexcmds Info: \pdf@ifprimitive is available.
Package pdftexcmds Info: \pdfdraftmode found.
)
Package epstopdf-base Info: Redefining graphics rule for `.eps' on input line 4
85.
Package grfext Info: Graphics extension search list:
(grfext)             [.pdf,.png,.jpg,.mps,.jpeg,.jbig2,.jb2,.PDF,.PNG,.JPG,.JPE
G,.JBIG2,.JB2,.eps]
(grfext)             \AppendGraphicsExtensions on input line 504.

(C:\Users\tanma\AppData\Local\Programs\MiKTeX\tex/latex/00miktex\epstopdf-sys.c
fg
File: epstopdf-sys.cfg 2021/03/18 v2.0 Configuration of epstopdf for MiKTeX
))
Package caption Info: Begin \AtBeginDocument code.
Package caption Info: subfig package v1.3 is loaded.
Package caption Info: longtable package is loaded.

(C:\Users\tanma\AppData\Local\Programs\MiKTeX\tex/latex/caption\ltcaption.sty
Package: ltcaption 2020/05/30 v1.4b longtable captions (AR)
)
Package caption Info: End \AtBeginDocument code.

(title_page.tex
<mitnlogo.png, id=1, 1192.455pt x 222.8325pt>
File: mitnlogo.png Graphic file (type png)
<use mitnlogo.png>
Package pdftex.def Info: mitnlogo.png  used on input line 7.
(pdftex.def)             Requested size: 417.36551pt x 77.99254pt.
LaTeX Font Info:    Trying to load font information for U+msa on input line 23.


(C:\Users\tanma\AppData\Local\Programs\MiKTeX\tex/latex/amsfonts\umsa.fd
File: umsa.fd 2013/01/14 v3.01 AMS symbols A
)
LaTeX Font Info:    Trying to load font information for U+msb on input line 23.


(C:\Users\tanma\AppData\Local\Programs\MiKTeX\tex/latex/amsfonts\umsb.fd
File: umsb.fd 2013/01/14 v3.01 AMS symbols B
))
(certificates.tex [1

{C:/Users/tanma/AppData/Local/MiKTeX/pdftex/config/pdftex.map} <./mitnlogo.png>
]
File: mitnlogo.png Graphic file (type png)
<use mitnlogo.png>
Package pdftex.def Info: mitnlogo.png  used on input line 4.
(pdftex.def)             Requested size: 357.73926pt x 66.85027pt.

Overfull \hbox (131.60771pt too wide) in paragraph at lines 25--52
[]$[]$  $[]$ 
 []

) [2] (abstract.tex) (acknowledgement.tex [4

]
Underfull \hbox (badness 10000) in paragraph at lines 8--11

 []

) [5

] (latex.toc [6

] [7])
\tf@toc=\write3
\openout3 = `latex.toc'.

 (listoffigures.tex [8] (latex.lof)
\tf@lof=\write4
\openout4 = `latex.lof'.

) [9

] (chapter1.tex
Chapter 1.
[1

] [2]) (chapter2.tex [3]
Chapter 2.

Underfull \hbox (badness 10000) in paragraph at lines 4--28

 []


Underfull \hbox (badness 10000) in paragraph at lines 4--28

 []


Underfull \hbox (badness 10000) in paragraph at lines 29--60

 []


Underfull \hbox (badness 10000) in paragraph at lines 29--60

 []

[4

]
Underfull \hbox (badness 10000) in paragraph at lines 61--81

 []


Underfull \hbox (badness 10000) in paragraph at lines 61--81

 []

[5]
Underfull \hbox (badness 10000) in paragraph at lines 82--96

 []


Underfull \hbox (badness 10000) in paragraph at lines 82--96

 []


Underfull \hbox (badness 10000) in paragraph at lines 97--108

 []

[6]) (chapter3.tex [7]
Chapter 3.
[8

]
Underfull \hbox (badness 10000) in paragraph at lines 23--34

 []


Underfull \hbox (badness 10000) in paragraph at lines 35--38

 []

[9]) (chapter4.tex [10]
Chapter 4.

Underfull \hbox (badness 10000) in paragraph at lines 4--7

 []


Underfull \hbox (badness 10000) in paragraph at lines 8--13

 []


Underfull \hbox (badness 10000) in paragraph at lines 14--22

 []


Underfull \hbox (badness 10000) in paragraph at lines 23--30

 []

[11

]
Underfull \hbox (badness 10000) in paragraph at lines 32--60

 []

[12] [13]
<sys.png, id=73, 1778.14313pt x 1578.64781pt>
File: sys.png Graphic file (type png)
<use sys.png>
Package pdftex.def Info: sys.png  used on input line 90.
(pdftex.def)             Requested size: 444.5347pt x 394.661pt.

Overfull \hbox (14.52843pt too wide) in paragraph at lines 90--91
 [] 
 []

<stated.jpg, id=75, 583.42969pt x 1181.91562pt>
File: stated.jpg Graphic file (type jpg)
<use stated.jpg>
Package pdftex.def Info: stated.jpg  used on input line 98.
(pdftex.def)             Requested size: 350.0605pt x 709.15485pt.

LaTeX Warning: Float too large for page by 19.37486pt on input line 101.


LaTeX Warning: `!h' float specifier changed to `!ht'.

<dfdd.jpg, id=76, 969.6225pt x 903.375pt>
File: dfdd.jpg Graphic file (type jpg)
<use dfdd.jpg>
Package pdftex.def Info: dfdd.jpg  used on input line 105.
(pdftex.def)             Requested size: 436.3261pt x 406.515pt.

Overfull \hbox (6.31982pt too wide) in paragraph at lines 105--106
 [] 
 []


LaTeX Warning: `!h' float specifier changed to `!ht'.

<used.jpg, id=77, 886.06032pt x 1130.72438pt>
File: used.jpg Graphic file (type jpg)
<use used.jpg>
Package pdftex.def Info: used.jpg  used on input line 112.
(pdftex.def)             Requested size: 531.6403pt x 678.43987pt.

Overfull \hbox (101.63403pt too wide) in paragraph at lines 112--113
 [] 
 []


LaTeX Warning: `!h' float specifier changed to `!ht'.

) (chapter5.tex [14 <./sys.png>] [15 <./stated.jpg>] [16 <./dfdd.jpg>] [17 <./u
sed.jpg>]
Chapter 5.

Underfull \hbox (badness 10000) in paragraph at lines 10--24

 []

[18

]
Underfull \hbox (badness 10000) in paragraph at lines 26--43

 []


Underfull \hbox (badness 10000) in paragraph at lines 45--51

 []

[19]) (chapter6.tex [20]
Chapter 6.

Underfull \hbox (badness 10000) in paragraph at lines 5--12

 []

[21

]) (chapter7.tex [22]
Chapter 7.
[23

]
<res1.png, id=111, 540.51938pt x 182.93344pt>
File: res1.png Graphic file (type png)
<use res1.png>
Package pdftex.def Info: res1.png  used on input line 24.
(pdftex.def)             Requested size: 432.41608pt x 146.34694pt.

Overfull \hbox (2.4098pt too wide) in paragraph at lines 24--25
 [] 
 []

<res2.png, id=112, 508.14844pt x 173.89969pt>
File: res2.png Graphic file (type png)
<use res2.png>
Package pdftex.def Info: res2.png  used on input line 30.
(pdftex.def)             Requested size: 406.51929pt x 139.11992pt.
<res4.png, id=113, 289.83281pt x 112.92188pt>
File: res4.png Graphic file (type png)
<use res4.png>
Package pdftex.def Info: res4.png  used on input line 37.
(pdftex.def)             Requested size: 289.83209pt x 112.92159pt.
<res5.png, id=114, 1025.33063pt x 545.03625pt>
File: res5.png Graphic file (type png)
<use res5.png>
Package pdftex.def Info: res5.png  used on input line 43.
(pdftex.def)             Requested size: 410.12498pt x 218.01064pt.

LaTeX Warning: `!h' float specifier changed to `!ht'.

<res6.png, id=115, 1031.35312pt x 548.0475pt>
File: res6.png Graphic file (type png)
<use res6.png>
Package pdftex.def Info: res6.png  used on input line 49.
(pdftex.def)             Requested size: 412.53394pt x 219.2151pt.

LaTeX Warning: `!h' float specifier changed to `!ht'.

) (chapter8.tex [24 <./res1.png> <./res2.png> <./res4.png>] [25 <./res5.png> <.
/res6.png>]
Chapter 8.
[26

]) (bibliography.tex [27]
Chapter 9.

Overfull \hbox (14.55171pt too wide) in paragraph at lines 8--19
\OT1/cmr/m/n/12 tion.J database Mark Cust strat-egy Manag 9,137-142(2002)/10.10
57/palgrave(Springer) 
 []


Overfull \hbox (21.42935pt too wide) in paragraph at lines 8--19
\OT1/cmr/m/n/12 In-ter-na-tional Con-fer-ence on Com-puter Sup-ported Co-op-er-
a-tive Work in Design,IEEE,978-
 []


Overfull \hbox (16.92522pt too wide) in paragraph at lines 8--19
\OT1/cmr/m/n/12 ods and Strate-gies of WebPer-son-al-iza-tion, Lec-ture Notes i
n Com-puter Sci-ence, NewYork,
 []


Underfull \hbox (badness 10000) in paragraph at lines 8--19

 []

[28

]
No file latex.bbl.
) (appendix.tex [29] [30


] (appendix3.tex
Appendix A.
<cert.jpg, id=139, 831.105pt x 579.6054pt>
File: cert.jpg Graphic file (type jpg)
<use cert.jpg>
Package pdftex.def Info: cert.jpg  used on input line 5.
(pdftex.def)             Requested size: 415.55148pt x 289.80199pt.
<cert1.jpg, id=140, 831.105pt x 579.6054pt>
File: cert1.jpg Graphic file (type jpg)
<use cert1.jpg>
Package pdftex.def Info: cert1.jpg  used on input line 11.
(pdftex.def)             Requested size: 415.55148pt x 289.80199pt.

LaTeX Warning: `!h' float specifier changed to `!ht'.

<cert2.jpg, id=141, 831.105pt x 579.6054pt>
File: cert2.jpg Graphic file (type jpg)
<use cert2.jpg>
Package pdftex.def Info: cert2.jpg  used on input line 16.
(pdftex.def)             Requested size: 415.55148pt x 289.80199pt.

LaTeX Warning: `!h' float specifier changed to `!ht'.

) (appendix4.tex [31

 <./cert.jpg>] [32 <./cert1.jpg> <./cert2.jpg>]
Appendix B.
<paper.png, id=148, 682.80093pt x 679.78969pt>
File: paper.png Graphic file (type png)
<use paper.png>
Package pdftex.def Info: paper.png  used on input line 5.
(pdftex.def)             Requested size: 443.81534pt x 441.85806pt.

Overfull \hbox (13.80907pt too wide) in paragraph at lines 5--6
 [] 
 []

) (appendix5.tex
Overfull \hbox (11.91138pt too wide) in paragraph at lines 10--1
\OT1/cmr/m/n/12 https://github.com/Tanmayrg1999/Research-paper-on-Web-Personali
sation-based-on-
 []

[33

 <./paper.png>] [34]
Appendix C.
) (appendix10.tex
Overfull \hbox (31.69034pt too wide) in paragraph at lines 3--1
\OT1/cmr/m/n/12 Repos-i-tory for user doc-u-men-ta-tion { https://github.com/Ta
nmayrg1999/Major-Project.git
 []


Underfull \hbox (badness 10000) in paragraph at lines 3--1

 []

[35

] [36]
Appendix D.
<result.png, id=163, 465.23813pt x 255.95625pt>
File: result.png Graphic file (type png)
<use result.png>
Package pdftex.def Info: result.png  used on input line 6.
(pdftex.def)             Requested size: 372.191pt x 204.76526pt.
<result2.png, id=164, 464.4853pt x 261.22594pt>
File: result2.png Graphic file (type png)
<use result2.png>
Package pdftex.def Info: result2.png  used on input line 12.
(pdftex.def)             Requested size: 371.58875pt x 208.98102pt.
<result3.png, id=165, 469.755pt x 252.945pt>
File: result3.png Graphic file (type png)
<use result3.png>
Package pdftex.def Info: result3.png  used on input line 18.
(pdftex.def)             Requested size: 375.80452pt x 202.35626pt.

LaTeX Warning: `!h' float specifier changed to `!ht'.

)) [37

 <./result.png> <./result2.png>] [38 <./result3.png>] (latex.aux) ) 
Here is how much of TeX's memory you used:
 6001 strings out of 479321
 93676 string characters out of 2856584
 399651 words of memory out of 3000000
 23300 multiletter control sequences out of 15000+600000
 412479 words of font info for 59 fonts, out of 8000000 for 9000
 1141 hyphenation exceptions out of 8191
 72i,8n,79p,1170b,356s stack positions out of 5000i,500n,10000p,200000b,80000s
 <C:\Users\t
anma\AppData\Local\MiKTeX\fonts/pk/ljfour/jknappen/ec/dpi600\tcrm1200.pk><C:/Us
ers/tanma/AppData/Local/Programs/MiKTeX/fonts/type1/public/amsfonts/cm/cmbx12.p
fb><C:/Users/tanma/AppData/Local/Programs/MiKTeX/fonts/type1/public/amsfonts/cm
/cmr10.pfb><C:/Users/tanma/AppData/Local/Programs/MiKTeX/fonts/type1/public/ams
fonts/cm/cmr12.pfb><C:/Users/tanma/AppData/Local/Programs/MiKTeX/fonts/type1/pu
blic/amsfonts/cm/cmti12.pfb>
Output written on latex.pdf (46 pages, 5901000 bytes).
PDF statistics:
 194 PDF objects out of 1000 (max. 8388607)
 0 named destinations out of 1000 (max. 500000)
 86 words of extra memory for PDF output out of 10000 (max. 10000000)

